<?xml version='1.0'?>
<ns2:test-suite xmlns:ns2='urn:model.allure.qatools.yandex.ru' start='1555511284694' stop='1555511287487'>
    <name>Performing a login Performing login operation</name>
    <title>Performing a login Performing login operation</title>
    <test-cases>
        <test-case start='1555511284707' status='passed' stop='1555511287479'>
            <name>I am on the facebook login page</name>
            <title>I am on the facebook login page</title>
            <labels>
                <label name='feature' value='Performing a login'/>
                <label name='story' value='Performing login operation'/>
                <label name='language' value='javascript'/>
                <label name='framework' value='wdio'/>
            </labels>
            <parameters>
                <parameter kind='argument' name='browser' value='chrome'/>
                <parameter kind='environment-variable' name='capabilities' value='{"browserName":"chrome","maxInstances":"5"}'/>
                <parameter kind='environment-variable' name='spec files' value='["/Users/pankaj/github/webdriverIO-with-cucumberBDD/test/features/facebook-login.feature"]'/>
            </parameters>
            <steps>
                <step start='1555511284713' status='passed' stop='1555511286466'>
                    <name>POST /wd/hub/session/b0bc051c81aff90eb20eb0e0a7fe0855/url</name>
                    <title>POST /wd/hub/session/b0bc051c81aff90eb20eb0e0a7fe0855/url</title>
                    <attachments>
                        <attachment title='Request' source='fb88dd93-686a-4266-bdfc-d14adf0421fa-attachment.json' type='application/json' size='41'/>
                        <attachment title='Response' source='971a07d5-c802-419f-8e87-61d1d6f78251-attachment.json' type='application/json' size='91'/>
                    </attachments>
                    <steps/>
                </step>
            </steps>
            <attachments/>
        </test-case>
        <test-case start='1555511287480' status='broken' stop='1555511287482'>
            <name>I login to facebook with username and password "heenu_rocking@yahoo.com" "obey@GOD11me" on facebook page</name>
            <title>I login to facebook with username and password "heenu_rocking@yahoo.com" "obey@GOD11me" on facebook page</title>
            <labels>
                <label name='feature' value='Performing a login'/>
                <label name='story' value='Performing login operation'/>
                <label name='language' value='javascript'/>
                <label name='framework' value='wdio'/>
            </labels>
            <parameters>
                <parameter kind='argument' name='browser' value='chrome'/>
                <parameter kind='environment-variable' name='capabilities' value='{"browserName":"chrome","maxInstances":"5"}'/>
                <parameter kind='environment-variable' name='spec files' value='["/Users/pankaj/github/webdriverIO-with-cucumberBDD/test/features/facebook-login.feature"]'/>
            </parameters>
            <steps/>
            <attachments/>
            <failure>
                <message>Step "I login to facebook with username and password "heenu_rocking@yahoo.com" "obey@GOD11me" on facebook page" is not defined. You can ignore this error by setting
                                              cucumberOpts.ignoreUndefinedDefinitions as true.</message>
                <stack-trace>/Users/pankaj/github/webdriverIO-with-cucumberBDD/test/features/facebook-login.feature:12</stack-trace>
            </failure>
        </test-case>
        <test-case start='1555511287483' status='broken' stop='1555511287484'>
            <name>I should should login to my facebook account</name>
            <title>I should should login to my facebook account</title>
            <labels>
                <label name='feature' value='Performing a login'/>
                <label name='story' value='Performing login operation'/>
                <label name='language' value='javascript'/>
                <label name='framework' value='wdio'/>
            </labels>
            <parameters>
                <parameter kind='argument' name='browser' value='chrome'/>
                <parameter kind='environment-variable' name='capabilities' value='{"browserName":"chrome","maxInstances":"5"}'/>
                <parameter kind='environment-variable' name='spec files' value='["/Users/pankaj/github/webdriverIO-with-cucumberBDD/test/features/facebook-login.feature"]'/>
            </parameters>
            <steps/>
            <attachments/>
            <failure>
                <message>Step "I should should login to my facebook account" is not defined. You can ignore this error by setting
                                              cucumberOpts.ignoreUndefinedDefinitions as true.</message>
                <stack-trace>/Users/pankaj/github/webdriverIO-with-cucumberBDD/test/features/facebook-login.feature:13</stack-trace>
            </failure>
        </test-case>
    </test-cases>
</ns2:test-suite>