<?xml version='1.0'?>
<ns2:test-suite xmlns:ns2='urn:model.allure.qatools.yandex.ru' start='1555451713498' stop='1555451715418'>
    <name>Performing a Yahoo Search Performing a search operation</name>
    <title>Performing a Yahoo Search Performing a search operation</title>
    <test-cases>
        <test-case start='1555451713510' status='failed' stop='1555451715406'>
            <name>I am on the search page</name>
            <title>I am on the search page</title>
            <labels>
                <label name='feature' value='Performing a Yahoo Search'/>
                <label name='story' value='Performing a search operation'/>
                <label name='language' value='javascript'/>
                <label name='framework' value='wdio'/>
            </labels>
            <parameters>
                <parameter kind='argument' name='browser' value='chrome'/>
                <parameter kind='environment-variable' name='capabilities' value='{"browserName":"chrome","maxInstances":"5"}'/>
                <parameter kind='environment-variable' name='spec files' value='["/Users/pankaj/github/webdriverIO-with-cucumberBDD/test/features/yahoo-search.feature"]'/>
            </parameters>
            <steps>
                <step start='1555451713517' status='passed' stop='1555451714358'>
                    <name>POST /wd/hub/session/318ce2d12f0e46dffe83c46d3b5b5ca3/url</name>
                    <title>POST /wd/hub/session/318ce2d12f0e46dffe83c46d3b5b5ca3/url</title>
                    <attachments>
                        <attachment title='Request' source='f0a78940-d9dc-4a6c-9183-8677b12fd787-attachment.json' type='application/json' size='42'/>
                        <attachment title='Response' source='a2e42cac-7686-429d-886d-1d4e2fd63b5e-attachment.json' type='application/json' size='91'/>
                    </attachments>
                    <steps/>
                </step>
                <step start='1555451715370' status='passed' stop='1555451715394'>
                    <name>GET /wd/hub/session/318ce2d12f0e46dffe83c46d3b5b5ca3/title</name>
                    <title>GET /wd/hub/session/318ce2d12f0e46dffe83c46d3b5b5ca3/title</title>
                    <attachments>
                        <attachment title='Response' source='a6fad1f7-2712-41aa-9a2a-9625c279f617-attachment.json' type='application/json' size='114'/>
                    </attachments>
                    <steps/>
                </step>
            </steps>
            <attachments/>
            <failure>
                <message>expected 'Yahoo is now part of Oath' to equal 'Yahoo Search - Web Search'</message>
                <stack-trace>AssertionError: expected 'Yahoo is now part of Oath' to equal 'Yahoo Search - Web Search'
                    at World.&lt;anonymous> (/Users/pankaj/github/webdriverIO-with-cucumberBDD/test/stepDefinitions/given.js:11:31)
                    at new Promise (&lt;anonymous>)
                    at new F (/Users/pankaj/github/webdriverIO-with-cucumberBDD/node_modules/core-js/library/modules/_export.js:36:28)</stack-trace>
            </failure>
        </test-case>
        <test-case start='1555451715408' status='pending' stop='1555451715410'>
            <name>I enter "Selenium Webdriver" into the search box</name>
            <title>I enter "Selenium Webdriver" into the search box</title>
            <labels>
                <label name='feature' value='Performing a Yahoo Search'/>
                <label name='story' value='Performing a search operation'/>
                <label name='language' value='javascript'/>
                <label name='framework' value='wdio'/>
            </labels>
            <parameters>
                <parameter kind='argument' name='browser' value='chrome'/>
                <parameter kind='environment-variable' name='capabilities' value='{"browserName":"chrome","maxInstances":"5"}'/>
                <parameter kind='environment-variable' name='spec files' value='["/Users/pankaj/github/webdriverIO-with-cucumberBDD/test/features/yahoo-search.feature"]'/>
            </parameters>
            <steps/>
            <attachments/>
        </test-case>
        <test-case start='1555451715412' status='pending' stop='1555451715414'>
            <name>I click the search button</name>
            <title>I click the search button</title>
            <labels>
                <label name='feature' value='Performing a Yahoo Search'/>
                <label name='story' value='Performing a search operation'/>
                <label name='language' value='javascript'/>
                <label name='framework' value='wdio'/>
            </labels>
            <parameters>
                <parameter kind='argument' name='browser' value='chrome'/>
                <parameter kind='environment-variable' name='capabilities' value='{"browserName":"chrome","maxInstances":"5"}'/>
                <parameter kind='environment-variable' name='spec files' value='["/Users/pankaj/github/webdriverIO-with-cucumberBDD/test/features/yahoo-search.feature"]'/>
            </parameters>
            <steps/>
            <attachments/>
        </test-case>
        <test-case start='1555451715415' status='pending' stop='1555451715416'>
            <name>I should see a list of search results</name>
            <title>I should see a list of search results</title>
            <labels>
                <label name='feature' value='Performing a Yahoo Search'/>
                <label name='story' value='Performing a search operation'/>
                <label name='language' value='javascript'/>
                <label name='framework' value='wdio'/>
            </labels>
            <parameters>
                <parameter kind='argument' name='browser' value='chrome'/>
                <parameter kind='environment-variable' name='capabilities' value='{"browserName":"chrome","maxInstances":"5"}'/>
                <parameter kind='environment-variable' name='spec files' value='["/Users/pankaj/github/webdriverIO-with-cucumberBDD/test/features/yahoo-search.feature"]'/>
            </parameters>
            <steps/>
            <attachments/>
        </test-case>
    </test-cases>
</ns2:test-suite>