<?xml version='1.0'?>
<ns2:test-suite xmlns:ns2='urn:model.allure.qatools.yandex.ru' start='1555510858208' stop='1555510861422'>
    <name>Performing a login Performing login operation</name>
    <title>Performing a login Performing login operation</title>
    <test-cases>
        <test-case start='1555510858222' status='passed' stop='1555510861412'>
            <name>I am on the facebook login page</name>
            <title>I am on the facebook login page</title>
            <labels>
                <label name='feature' value='Performing a login'/>
                <label name='story' value='Performing login operation'/>
                <label name='language' value='javascript'/>
                <label name='framework' value='wdio'/>
            </labels>
            <parameters>
                <parameter kind='argument' name='browser' value='chrome'/>
                <parameter kind='environment-variable' name='capabilities' value='{"browserName":"chrome","maxInstances":"5"}'/>
                <parameter kind='environment-variable' name='spec files' value='["/Users/pankaj/github/webdriverIO-with-cucumberBDD/test/features/facebook-login.feature"]'/>
            </parameters>
            <steps>
                <step start='1555510858228' status='passed' stop='1555510860397'>
                    <name>POST /wd/hub/session/b6bb1b91cf6c818e9aeb1901358089f8/url</name>
                    <title>POST /wd/hub/session/b6bb1b91cf6c818e9aeb1901358089f8/url</title>
                    <attachments>
                        <attachment title='Request' source='d45b96d1-47ae-4832-993a-c8bda1b39694-attachment.json' type='application/json' size='41'/>
                        <attachment title='Response' source='a4671b69-bd0a-4a0c-9e1f-d579410c48c0-attachment.json' type='application/json' size='91'/>
                    </attachments>
                    <steps/>
                </step>
            </steps>
            <attachments/>
        </test-case>
        <test-case start='1555510861413' status='broken' stop='1555510861416'>
            <name>I login with username and password "heenu_rocking@yahoo.com" "obey@GOD11me" into the text box on facebook page</name>
            <title>I login with username and password "heenu_rocking@yahoo.com" "obey@GOD11me" into the text box on facebook page</title>
            <labels>
                <label name='feature' value='Performing a login'/>
                <label name='story' value='Performing login operation'/>
                <label name='language' value='javascript'/>
                <label name='framework' value='wdio'/>
            </labels>
            <parameters>
                <parameter kind='argument' name='browser' value='chrome'/>
                <parameter kind='environment-variable' name='capabilities' value='{"browserName":"chrome","maxInstances":"5"}'/>
                <parameter kind='environment-variable' name='spec files' value='["/Users/pankaj/github/webdriverIO-with-cucumberBDD/test/features/facebook-login.feature"]'/>
            </parameters>
            <steps/>
            <attachments/>
            <failure>
                <message>Step "I login with username and password "heenu_rocking@yahoo.com" "obey@GOD11me" into the text box on facebook page" is not defined. You can ignore this error by setting
                                              cucumberOpts.ignoreUndefinedDefinitions as true.</message>
                <stack-trace>/Users/pankaj/github/webdriverIO-with-cucumberBDD/test/features/facebook-login.feature:12</stack-trace>
            </failure>
        </test-case>
        <test-case start='1555510861417' status='broken' stop='1555510861418'>
            <name>I should should login to my facebook account</name>
            <title>I should should login to my facebook account</title>
            <labels>
                <label name='feature' value='Performing a login'/>
                <label name='story' value='Performing login operation'/>
                <label name='language' value='javascript'/>
                <label name='framework' value='wdio'/>
            </labels>
            <parameters>
                <parameter kind='argument' name='browser' value='chrome'/>
                <parameter kind='environment-variable' name='capabilities' value='{"browserName":"chrome","maxInstances":"5"}'/>
                <parameter kind='environment-variable' name='spec files' value='["/Users/pankaj/github/webdriverIO-with-cucumberBDD/test/features/facebook-login.feature"]'/>
            </parameters>
            <steps/>
            <attachments/>
            <failure>
                <message>Step "I should should login to my facebook account" is not defined. You can ignore this error by setting
                                              cucumberOpts.ignoreUndefinedDefinitions as true.</message>
                <stack-trace>/Users/pankaj/github/webdriverIO-with-cucumberBDD/test/features/facebook-login.feature:13</stack-trace>
            </failure>
        </test-case>
    </test-cases>
</ns2:test-suite>