<?xml version='1.0'?>
<ns2:test-suite xmlns:ns2='urn:model.allure.qatools.yandex.ru' start='1555511479560' stop='1555511482362'>
    <name>Performing a login Performing login operation</name>
    <title>Performing a login Performing login operation</title>
    <test-cases>
        <test-case start='1555511479570' status='passed' stop='1555511482351'>
            <name>I am on the facebook login page</name>
            <title>I am on the facebook login page</title>
            <labels>
                <label name='feature' value='Performing a login'/>
                <label name='story' value='Performing login operation'/>
                <label name='language' value='javascript'/>
                <label name='framework' value='wdio'/>
            </labels>
            <parameters>
                <parameter kind='argument' name='browser' value='chrome'/>
                <parameter kind='environment-variable' name='capabilities' value='{"browserName":"chrome","maxInstances":"5"}'/>
                <parameter kind='environment-variable' name='spec files' value='["/Users/pankaj/github/webdriverIO-with-cucumberBDD/test/features/facebook-login.feature"]'/>
            </parameters>
            <steps>
                <step start='1555511479580' status='passed' stop='1555511481332'>
                    <name>POST /wd/hub/session/ab34db66360fe76b7fc1a80556c5282a/url</name>
                    <title>POST /wd/hub/session/ab34db66360fe76b7fc1a80556c5282a/url</title>
                    <attachments>
                        <attachment title='Request' source='c628e6a4-3737-4c93-9779-0415d1ee07c3-attachment.json' type='application/json' size='41'/>
                        <attachment title='Response' source='2d7f30a6-ac25-4893-a539-a3948815afda-attachment.json' type='application/json' size='91'/>
                    </attachments>
                    <steps/>
                </step>
            </steps>
            <attachments/>
        </test-case>
        <test-case start='1555511482353' status='broken' stop='1555511482356'>
            <name>I login to facebook with username and password "heenu_rocking@yahoo.com" "obey@GOD11me" on facebook page</name>
            <title>I login to facebook with username and password "heenu_rocking@yahoo.com" "obey@GOD11me" on facebook page</title>
            <labels>
                <label name='feature' value='Performing a login'/>
                <label name='story' value='Performing login operation'/>
                <label name='language' value='javascript'/>
                <label name='framework' value='wdio'/>
            </labels>
            <parameters>
                <parameter kind='argument' name='browser' value='chrome'/>
                <parameter kind='environment-variable' name='capabilities' value='{"browserName":"chrome","maxInstances":"5"}'/>
                <parameter kind='environment-variable' name='spec files' value='["/Users/pankaj/github/webdriverIO-with-cucumberBDD/test/features/facebook-login.feature"]'/>
            </parameters>
            <steps/>
            <attachments/>
            <failure>
                <message>Step "I login to facebook with username and password "heenu_rocking@yahoo.com" "obey@GOD11me" on facebook page" is not defined. You can ignore this error by setting
                                              cucumberOpts.ignoreUndefinedDefinitions as true.</message>
                <stack-trace>/Users/pankaj/github/webdriverIO-with-cucumberBDD/test/features/facebook-login.feature:12</stack-trace>
            </failure>
        </test-case>
        <test-case start='1555511482357' status='broken' stop='1555511482358'>
            <name>I should should login to my facebook account</name>
            <title>I should should login to my facebook account</title>
            <labels>
                <label name='feature' value='Performing a login'/>
                <label name='story' value='Performing login operation'/>
                <label name='language' value='javascript'/>
                <label name='framework' value='wdio'/>
            </labels>
            <parameters>
                <parameter kind='argument' name='browser' value='chrome'/>
                <parameter kind='environment-variable' name='capabilities' value='{"browserName":"chrome","maxInstances":"5"}'/>
                <parameter kind='environment-variable' name='spec files' value='["/Users/pankaj/github/webdriverIO-with-cucumberBDD/test/features/facebook-login.feature"]'/>
            </parameters>
            <steps/>
            <attachments/>
            <failure>
                <message>Step "I should should login to my facebook account" is not defined. You can ignore this error by setting
                                              cucumberOpts.ignoreUndefinedDefinitions as true.</message>
                <stack-trace>/Users/pankaj/github/webdriverIO-with-cucumberBDD/test/features/facebook-login.feature:13</stack-trace>
            </failure>
        </test-case>
    </test-cases>
</ns2:test-suite>