<?xml version='1.0'?>
<ns2:test-suite xmlns:ns2='urn:model.allure.qatools.yandex.ru' start='1555511001719' stop='1555511004653'>
    <name>Performing a login Performing login operation</name>
    <title>Performing a login Performing login operation</title>
    <test-cases>
        <test-case start='1555511001735' status='passed' stop='1555511004640'>
            <name>I am on the facebook login page</name>
            <title>I am on the facebook login page</title>
            <labels>
                <label name='feature' value='Performing a login'/>
                <label name='story' value='Performing login operation'/>
                <label name='language' value='javascript'/>
                <label name='framework' value='wdio'/>
            </labels>
            <parameters>
                <parameter kind='argument' name='browser' value='chrome'/>
                <parameter kind='environment-variable' name='capabilities' value='{"browserName":"chrome","maxInstances":"5"}'/>
                <parameter kind='environment-variable' name='spec files' value='["/Users/pankaj/github/webdriverIO-with-cucumberBDD/test/features/facebook-login.feature"]'/>
            </parameters>
            <steps>
                <step start='1555511001741' status='passed' stop='1555511003623'>
                    <name>POST /wd/hub/session/14e438e5d0dd519231afae2b854796b0/url</name>
                    <title>POST /wd/hub/session/14e438e5d0dd519231afae2b854796b0/url</title>
                    <attachments>
                        <attachment title='Request' source='d58a836c-a9a8-4846-9953-4e8bace95bfa-attachment.json' type='application/json' size='41'/>
                        <attachment title='Response' source='0fbdb100-71a7-49f1-933f-46d68a76cffc-attachment.json' type='application/json' size='91'/>
                    </attachments>
                    <steps/>
                </step>
            </steps>
            <attachments/>
        </test-case>
        <test-case start='1555511004642' status='broken' stop='1555511004645'>
            <name>I login with username and password "heenu_rocking@yahoo.com" "obey@GOD11me" into the text box on facebook page</name>
            <title>I login with username and password "heenu_rocking@yahoo.com" "obey@GOD11me" into the text box on facebook page</title>
            <labels>
                <label name='feature' value='Performing a login'/>
                <label name='story' value='Performing login operation'/>
                <label name='language' value='javascript'/>
                <label name='framework' value='wdio'/>
            </labels>
            <parameters>
                <parameter kind='argument' name='browser' value='chrome'/>
                <parameter kind='environment-variable' name='capabilities' value='{"browserName":"chrome","maxInstances":"5"}'/>
                <parameter kind='environment-variable' name='spec files' value='["/Users/pankaj/github/webdriverIO-with-cucumberBDD/test/features/facebook-login.feature"]'/>
            </parameters>
            <steps/>
            <attachments/>
            <failure>
                <message>Step "I login with username and password "heenu_rocking@yahoo.com" "obey@GOD11me" into the text box on facebook page" is not defined. You can ignore this error by setting
                                              cucumberOpts.ignoreUndefinedDefinitions as true.</message>
                <stack-trace>/Users/pankaj/github/webdriverIO-with-cucumberBDD/test/features/facebook-login.feature:12</stack-trace>
            </failure>
        </test-case>
        <test-case start='1555511004647' status='broken' stop='1555511004648'>
            <name>I should should login to my facebook account</name>
            <title>I should should login to my facebook account</title>
            <labels>
                <label name='feature' value='Performing a login'/>
                <label name='story' value='Performing login operation'/>
                <label name='language' value='javascript'/>
                <label name='framework' value='wdio'/>
            </labels>
            <parameters>
                <parameter kind='argument' name='browser' value='chrome'/>
                <parameter kind='environment-variable' name='capabilities' value='{"browserName":"chrome","maxInstances":"5"}'/>
                <parameter kind='environment-variable' name='spec files' value='["/Users/pankaj/github/webdriverIO-with-cucumberBDD/test/features/facebook-login.feature"]'/>
            </parameters>
            <steps/>
            <attachments/>
            <failure>
                <message>Step "I should should login to my facebook account" is not defined. You can ignore this error by setting
                                              cucumberOpts.ignoreUndefinedDefinitions as true.</message>
                <stack-trace>/Users/pankaj/github/webdriverIO-with-cucumberBDD/test/features/facebook-login.feature:13</stack-trace>
            </failure>
        </test-case>
    </test-cases>
</ns2:test-suite>